2020-05-01 15:33:53.054  INFO 8476 --- [main] isamrs.SpringWebAppApplication           : Starting SpringWebAppApplication on DESKTOP-L1LQTUL with PID 8476 (E:\Faks\MRSISA\MRSISA_2020_T6\SpringWebApp\target\classes started by nklppc in E:\Faks\MRSISA\MRSISA_2020_T6\SpringWebApp)
2020-05-01 15:33:53.075  INFO 8476 --- [main] isamrs.SpringWebAppApplication           : No active profile set, falling back to default profiles: default
2020-05-01 15:33:54.241  INFO 8476 --- [main] .s.d.r.c.RepositoryConfigurationDelegate : Bootstrapping Spring Data JPA repositories in DEFAULT mode.
2020-05-01 15:33:54.407  INFO 8476 --- [main] .s.d.r.c.RepositoryConfigurationDelegate : Finished Spring Data repository scanning in 149ms. Found 14 JPA repository interfaces.
2020-05-01 15:33:55.976  INFO 8476 --- [main] o.s.b.w.embedded.tomcat.TomcatWebServer  : Tomcat initialized with port(s): 8081 (http)
2020-05-01 15:33:55.994  INFO 8476 --- [main] o.apache.catalina.core.StandardService   : Starting service [Tomcat]
2020-05-01 15:33:55.995  INFO 8476 --- [main] org.apache.catalina.core.StandardEngine  : Starting Servlet engine: [Apache Tomcat/9.0.33]
2020-05-01 15:33:56.175  INFO 8476 --- [main] o.a.c.c.C.[Tomcat].[localhost].[/]       : Initializing Spring embedded WebApplicationContext
2020-05-01 15:33:56.176  INFO 8476 --- [main] o.s.web.context.ContextLoader            : Root WebApplicationContext: initialization completed in 3008 ms
2020-05-01 15:33:56.491  INFO 8476 --- [main] o.hibernate.jpa.internal.util.LogHelper  : HHH000204: Processing PersistenceUnitInfo [name: default]
2020-05-01 15:33:56.760  INFO 8476 --- [main] org.hibernate.Version                    : HHH000412: Hibernate ORM core version 5.4.12.Final
2020-05-01 15:33:57.010  INFO 8476 --- [main] o.hibernate.annotations.common.Version   : HCANN000001: Hibernate Commons Annotations {5.1.0.Final}
2020-05-01 15:33:57.183  INFO 8476 --- [main] com.zaxxer.hikari.HikariDataSource       : HikariPool-1 - Starting...
2020-05-01 15:33:57.401  INFO 8476 --- [main] com.zaxxer.hikari.HikariDataSource       : HikariPool-1 - Start completed.
2020-05-01 15:33:57.435  INFO 8476 --- [main] org.hibernate.dialect.Dialect            : HHH000400: Using dialect: org.hibernate.dialect.PostgreSQL95Dialect
2020-05-01 15:34:00.759  INFO 8476 --- [main] o.h.e.t.j.p.i.JtaPlatformInitiator       : HHH000490: Using JtaPlatform implementation: [org.hibernate.engine.transaction.jta.platform.internal.NoJtaPlatform]
2020-05-01 15:34:00.775  INFO 8476 --- [main] j.LocalContainerEntityManagerFactoryBean : Initialized JPA EntityManagerFactory for persistence unit 'default'
2020-05-01 15:34:02.311  WARN 8476 --- [main] JpaBaseConfiguration$JpaWebConfiguration : spring.jpa.open-in-view is enabled by default. Therefore, database queries may be performed during view rendering. Explicitly configure spring.jpa.open-in-view to disable this warning
2020-05-01 15:34:02.542  INFO 8476 --- [main] o.s.s.concurrent.ThreadPoolTaskExecutor  : Initializing ExecutorService 'applicationTaskExecutor'
2020-05-01 15:34:02.710  INFO 8476 --- [main] o.s.b.a.w.s.WelcomePageHandlerMapping    : Adding welcome page: class path resource [static/index.html]
2020-05-01 15:34:02.940  INFO 8476 --- [main] o.s.b.w.embedded.tomcat.TomcatWebServer  : Tomcat started on port(s): 8081 (http) with context path ''
2020-05-01 15:34:02.944  INFO 8476 --- [main] isamrs.SpringWebAppApplication           : Started SpringWebAppApplication in 10.415 seconds (JVM running for 11.042)
2020-05-01 15:37:29.254  INFO 8476 --- [http-nio-8081-exec-1] o.a.c.c.C.[Tomcat].[localhost].[/]       : Initializing Spring DispatcherServlet 'dispatcherServlet'
2020-05-01 15:37:29.255  INFO 8476 --- [http-nio-8081-exec-1] o.s.web.servlet.DispatcherServlet        : Initializing Servlet 'dispatcherServlet'
2020-05-01 15:37:29.268  INFO 8476 --- [http-nio-8081-exec-1] o.s.web.servlet.DispatcherServlet        : Completed initialization in 13 ms
